Created by PLY version 3.11 (http://www.dabeaz.com/ply)

Unused terminals:

    CORDER
    CORIZQ
    DOBLEPT

Grammar

Rule 0     S' -> init
Rule 1     init -> instrucciones
Rule 2     instrucciones -> instrucciones instruccion
Rule 3     instrucciones -> instruccion
Rule 4     instruccion -> print_instruccion
Rule 5     instruccion -> declaracion
Rule 6     declaracion -> INT ID IGUAL expression PTCOMA
Rule 7     declaracion -> INT ID PTCOMA
Rule 8     print_instruccion -> PRINT PIZQ expression PDER
Rule 9     expression -> expression OR expression
Rule 10    expression -> expression AND expression
Rule 11    expression -> NOT expression
Rule 12    expression -> expression MENOR expression
Rule 13    expression -> expression MAYOR expression
Rule 14    expression -> expression MAYORIGUAL expression
Rule 15    expression -> expression MENORIGUAL expression
Rule 16    expression -> expression DIFERENTE expression
Rule 17    expression -> expression IGUALIGUAL expression
Rule 18    expression -> MENOS expression
Rule 19    expression -> expression MAS expression
Rule 20    expression -> expression MENOS expression
Rule 21    expression -> expression MULTIPLICACION expression
Rule 22    expression -> expression DIVISION expression
Rule 23    expression -> PIZQ expression PDER
Rule 24    expression -> ENTERO
Rule 25    expression -> DECIMAL
Rule 26    expression -> ID
Rule 27    expression -> CADENA
Rule 28    expression -> TRUE
Rule 29    expression -> FALSE

Terminals, with rules where they appear

AND                  : 10
CADENA               : 27
CORDER               : 
CORIZQ               : 
DECIMAL              : 25
DIFERENTE            : 16
DIVISION             : 22
DOBLEPT              : 
ENTERO               : 24
FALSE                : 29
ID                   : 6 7 26
IGUAL                : 6
IGUALIGUAL           : 17
INT                  : 6 7
MAS                  : 19
MAYOR                : 13
MAYORIGUAL           : 14
MENOR                : 12
MENORIGUAL           : 15
MENOS                : 18 20
MULTIPLICACION       : 21
NOT                  : 11
OR                   : 9
PDER                 : 8 23
PIZQ                 : 8 23
PRINT                : 8
PTCOMA               : 6 7
TRUE                 : 28
error                : 

Nonterminals, with rules where they appear

declaracion          : 5
expression           : 6 8 9 9 10 10 11 12 12 13 13 14 14 15 15 16 16 17 17 18 19 19 20 20 21 21 22 22 23
init                 : 0
instruccion          : 2 3
instrucciones        : 1 2
print_instruccion    : 4

Parsing method: LALR

state 0

    (0) S' -> . init
    (1) init -> . instrucciones
    (2) instrucciones -> . instrucciones instruccion
    (3) instrucciones -> . instruccion
    (4) instruccion -> . print_instruccion
    (5) instruccion -> . declaracion
    (8) print_instruccion -> . PRINT PIZQ expression PDER
    (6) declaracion -> . INT ID IGUAL expression PTCOMA
    (7) declaracion -> . INT ID PTCOMA

    PRINT           shift and go to state 6
    INT             shift and go to state 7

    init                           shift and go to state 1
    instrucciones                  shift and go to state 2
    instruccion                    shift and go to state 3
    print_instruccion              shift and go to state 4
    declaracion                    shift and go to state 5

state 1

    (0) S' -> init .



state 2

    (1) init -> instrucciones .
    (2) instrucciones -> instrucciones . instruccion
    (4) instruccion -> . print_instruccion
    (5) instruccion -> . declaracion
    (8) print_instruccion -> . PRINT PIZQ expression PDER
    (6) declaracion -> . INT ID IGUAL expression PTCOMA
    (7) declaracion -> . INT ID PTCOMA

    $end            reduce using rule 1 (init -> instrucciones .)
    PRINT           shift and go to state 6
    INT             shift and go to state 7

    instruccion                    shift and go to state 8
    print_instruccion              shift and go to state 4
    declaracion                    shift and go to state 5

state 3

    (3) instrucciones -> instruccion .

    PRINT           reduce using rule 3 (instrucciones -> instruccion .)
    INT             reduce using rule 3 (instrucciones -> instruccion .)
    $end            reduce using rule 3 (instrucciones -> instruccion .)


state 4

    (4) instruccion -> print_instruccion .

    PRINT           reduce using rule 4 (instruccion -> print_instruccion .)
    INT             reduce using rule 4 (instruccion -> print_instruccion .)
    $end            reduce using rule 4 (instruccion -> print_instruccion .)


state 5

    (5) instruccion -> declaracion .

    PRINT           reduce using rule 5 (instruccion -> declaracion .)
    INT             reduce using rule 5 (instruccion -> declaracion .)
    $end            reduce using rule 5 (instruccion -> declaracion .)


state 6

    (8) print_instruccion -> PRINT . PIZQ expression PDER

    PIZQ            shift and go to state 9


state 7

    (6) declaracion -> INT . ID IGUAL expression PTCOMA
    (7) declaracion -> INT . ID PTCOMA

    ID              shift and go to state 10


state 8

    (2) instrucciones -> instrucciones instruccion .

    PRINT           reduce using rule 2 (instrucciones -> instrucciones instruccion .)
    INT             reduce using rule 2 (instrucciones -> instrucciones instruccion .)
    $end            reduce using rule 2 (instrucciones -> instrucciones instruccion .)


state 9

    (8) print_instruccion -> PRINT PIZQ . expression PDER
    (9) expression -> . expression OR expression
    (10) expression -> . expression AND expression
    (11) expression -> . NOT expression
    (12) expression -> . expression MENOR expression
    (13) expression -> . expression MAYOR expression
    (14) expression -> . expression MAYORIGUAL expression
    (15) expression -> . expression MENORIGUAL expression
    (16) expression -> . expression DIFERENTE expression
    (17) expression -> . expression IGUALIGUAL expression
    (18) expression -> . MENOS expression
    (19) expression -> . expression MAS expression
    (20) expression -> . expression MENOS expression
    (21) expression -> . expression MULTIPLICACION expression
    (22) expression -> . expression DIVISION expression
    (23) expression -> . PIZQ expression PDER
    (24) expression -> . ENTERO
    (25) expression -> . DECIMAL
    (26) expression -> . ID
    (27) expression -> . CADENA
    (28) expression -> . TRUE
    (29) expression -> . FALSE

    NOT             shift and go to state 13
    MENOS           shift and go to state 14
    PIZQ            shift and go to state 11
    ENTERO          shift and go to state 15
    DECIMAL         shift and go to state 16
    ID              shift and go to state 17
    CADENA          shift and go to state 18
    TRUE            shift and go to state 19
    FALSE           shift and go to state 20

    expression                     shift and go to state 12

state 10

    (6) declaracion -> INT ID . IGUAL expression PTCOMA
    (7) declaracion -> INT ID . PTCOMA

    IGUAL           shift and go to state 21
    PTCOMA          shift and go to state 22


state 11

    (23) expression -> PIZQ . expression PDER
    (9) expression -> . expression OR expression
    (10) expression -> . expression AND expression
    (11) expression -> . NOT expression
    (12) expression -> . expression MENOR expression
    (13) expression -> . expression MAYOR expression
    (14) expression -> . expression MAYORIGUAL expression
    (15) expression -> . expression MENORIGUAL expression
    (16) expression -> . expression DIFERENTE expression
    (17) expression -> . expression IGUALIGUAL expression
    (18) expression -> . MENOS expression
    (19) expression -> . expression MAS expression
    (20) expression -> . expression MENOS expression
    (21) expression -> . expression MULTIPLICACION expression
    (22) expression -> . expression DIVISION expression
    (23) expression -> . PIZQ expression PDER
    (24) expression -> . ENTERO
    (25) expression -> . DECIMAL
    (26) expression -> . ID
    (27) expression -> . CADENA
    (28) expression -> . TRUE
    (29) expression -> . FALSE

    NOT             shift and go to state 13
    MENOS           shift and go to state 14
    PIZQ            shift and go to state 11
    ENTERO          shift and go to state 15
    DECIMAL         shift and go to state 16
    ID              shift and go to state 17
    CADENA          shift and go to state 18
    TRUE            shift and go to state 19
    FALSE           shift and go to state 20

    expression                     shift and go to state 23

state 12

    (8) print_instruccion -> PRINT PIZQ expression . PDER
    (9) expression -> expression . OR expression
    (10) expression -> expression . AND expression
    (12) expression -> expression . MENOR expression
    (13) expression -> expression . MAYOR expression
    (14) expression -> expression . MAYORIGUAL expression
    (15) expression -> expression . MENORIGUAL expression
    (16) expression -> expression . DIFERENTE expression
    (17) expression -> expression . IGUALIGUAL expression
    (19) expression -> expression . MAS expression
    (20) expression -> expression . MENOS expression
    (21) expression -> expression . MULTIPLICACION expression
    (22) expression -> expression . DIVISION expression

    PDER            shift and go to state 24
    OR              shift and go to state 25
    AND             shift and go to state 26
    MENOR           shift and go to state 27
    MAYOR           shift and go to state 28
    MAYORIGUAL      shift and go to state 29
    MENORIGUAL      shift and go to state 30
    DIFERENTE       shift and go to state 31
    IGUALIGUAL      shift and go to state 32
    MAS             shift and go to state 33
    MENOS           shift and go to state 34
    MULTIPLICACION  shift and go to state 35
    DIVISION        shift and go to state 36


state 13

    (11) expression -> NOT . expression
    (9) expression -> . expression OR expression
    (10) expression -> . expression AND expression
    (11) expression -> . NOT expression
    (12) expression -> . expression MENOR expression
    (13) expression -> . expression MAYOR expression
    (14) expression -> . expression MAYORIGUAL expression
    (15) expression -> . expression MENORIGUAL expression
    (16) expression -> . expression DIFERENTE expression
    (17) expression -> . expression IGUALIGUAL expression
    (18) expression -> . MENOS expression
    (19) expression -> . expression MAS expression
    (20) expression -> . expression MENOS expression
    (21) expression -> . expression MULTIPLICACION expression
    (22) expression -> . expression DIVISION expression
    (23) expression -> . PIZQ expression PDER
    (24) expression -> . ENTERO
    (25) expression -> . DECIMAL
    (26) expression -> . ID
    (27) expression -> . CADENA
    (28) expression -> . TRUE
    (29) expression -> . FALSE

    NOT             shift and go to state 13
    MENOS           shift and go to state 14
    PIZQ            shift and go to state 11
    ENTERO          shift and go to state 15
    DECIMAL         shift and go to state 16
    ID              shift and go to state 17
    CADENA          shift and go to state 18
    TRUE            shift and go to state 19
    FALSE           shift and go to state 20

    expression                     shift and go to state 37

state 14

    (18) expression -> MENOS . expression
    (9) expression -> . expression OR expression
    (10) expression -> . expression AND expression
    (11) expression -> . NOT expression
    (12) expression -> . expression MENOR expression
    (13) expression -> . expression MAYOR expression
    (14) expression -> . expression MAYORIGUAL expression
    (15) expression -> . expression MENORIGUAL expression
    (16) expression -> . expression DIFERENTE expression
    (17) expression -> . expression IGUALIGUAL expression
    (18) expression -> . MENOS expression
    (19) expression -> . expression MAS expression
    (20) expression -> . expression MENOS expression
    (21) expression -> . expression MULTIPLICACION expression
    (22) expression -> . expression DIVISION expression
    (23) expression -> . PIZQ expression PDER
    (24) expression -> . ENTERO
    (25) expression -> . DECIMAL
    (26) expression -> . ID
    (27) expression -> . CADENA
    (28) expression -> . TRUE
    (29) expression -> . FALSE

    NOT             shift and go to state 13
    MENOS           shift and go to state 14
    PIZQ            shift and go to state 11
    ENTERO          shift and go to state 15
    DECIMAL         shift and go to state 16
    ID              shift and go to state 17
    CADENA          shift and go to state 18
    TRUE            shift and go to state 19
    FALSE           shift and go to state 20

    expression                     shift and go to state 38

state 15

    (24) expression -> ENTERO .

    PDER            reduce using rule 24 (expression -> ENTERO .)
    OR              reduce using rule 24 (expression -> ENTERO .)
    AND             reduce using rule 24 (expression -> ENTERO .)
    MENOR           reduce using rule 24 (expression -> ENTERO .)
    MAYOR           reduce using rule 24 (expression -> ENTERO .)
    MAYORIGUAL      reduce using rule 24 (expression -> ENTERO .)
    MENORIGUAL      reduce using rule 24 (expression -> ENTERO .)
    DIFERENTE       reduce using rule 24 (expression -> ENTERO .)
    IGUALIGUAL      reduce using rule 24 (expression -> ENTERO .)
    MAS             reduce using rule 24 (expression -> ENTERO .)
    MENOS           reduce using rule 24 (expression -> ENTERO .)
    MULTIPLICACION  reduce using rule 24 (expression -> ENTERO .)
    DIVISION        reduce using rule 24 (expression -> ENTERO .)
    PTCOMA          reduce using rule 24 (expression -> ENTERO .)


state 16

    (25) expression -> DECIMAL .

    PDER            reduce using rule 25 (expression -> DECIMAL .)
    OR              reduce using rule 25 (expression -> DECIMAL .)
    AND             reduce using rule 25 (expression -> DECIMAL .)
    MENOR           reduce using rule 25 (expression -> DECIMAL .)
    MAYOR           reduce using rule 25 (expression -> DECIMAL .)
    MAYORIGUAL      reduce using rule 25 (expression -> DECIMAL .)
    MENORIGUAL      reduce using rule 25 (expression -> DECIMAL .)
    DIFERENTE       reduce using rule 25 (expression -> DECIMAL .)
    IGUALIGUAL      reduce using rule 25 (expression -> DECIMAL .)
    MAS             reduce using rule 25 (expression -> DECIMAL .)
    MENOS           reduce using rule 25 (expression -> DECIMAL .)
    MULTIPLICACION  reduce using rule 25 (expression -> DECIMAL .)
    DIVISION        reduce using rule 25 (expression -> DECIMAL .)
    PTCOMA          reduce using rule 25 (expression -> DECIMAL .)


state 17

    (26) expression -> ID .

    PDER            reduce using rule 26 (expression -> ID .)
    OR              reduce using rule 26 (expression -> ID .)
    AND             reduce using rule 26 (expression -> ID .)
    MENOR           reduce using rule 26 (expression -> ID .)
    MAYOR           reduce using rule 26 (expression -> ID .)
    MAYORIGUAL      reduce using rule 26 (expression -> ID .)
    MENORIGUAL      reduce using rule 26 (expression -> ID .)
    DIFERENTE       reduce using rule 26 (expression -> ID .)
    IGUALIGUAL      reduce using rule 26 (expression -> ID .)
    MAS             reduce using rule 26 (expression -> ID .)
    MENOS           reduce using rule 26 (expression -> ID .)
    MULTIPLICACION  reduce using rule 26 (expression -> ID .)
    DIVISION        reduce using rule 26 (expression -> ID .)
    PTCOMA          reduce using rule 26 (expression -> ID .)


state 18

    (27) expression -> CADENA .

    PDER            reduce using rule 27 (expression -> CADENA .)
    OR              reduce using rule 27 (expression -> CADENA .)
    AND             reduce using rule 27 (expression -> CADENA .)
    MENOR           reduce using rule 27 (expression -> CADENA .)
    MAYOR           reduce using rule 27 (expression -> CADENA .)
    MAYORIGUAL      reduce using rule 27 (expression -> CADENA .)
    MENORIGUAL      reduce using rule 27 (expression -> CADENA .)
    DIFERENTE       reduce using rule 27 (expression -> CADENA .)
    IGUALIGUAL      reduce using rule 27 (expression -> CADENA .)
    MAS             reduce using rule 27 (expression -> CADENA .)
    MENOS           reduce using rule 27 (expression -> CADENA .)
    MULTIPLICACION  reduce using rule 27 (expression -> CADENA .)
    DIVISION        reduce using rule 27 (expression -> CADENA .)
    PTCOMA          reduce using rule 27 (expression -> CADENA .)


state 19

    (28) expression -> TRUE .

    PDER            reduce using rule 28 (expression -> TRUE .)
    OR              reduce using rule 28 (expression -> TRUE .)
    AND             reduce using rule 28 (expression -> TRUE .)
    MENOR           reduce using rule 28 (expression -> TRUE .)
    MAYOR           reduce using rule 28 (expression -> TRUE .)
    MAYORIGUAL      reduce using rule 28 (expression -> TRUE .)
    MENORIGUAL      reduce using rule 28 (expression -> TRUE .)
    DIFERENTE       reduce using rule 28 (expression -> TRUE .)
    IGUALIGUAL      reduce using rule 28 (expression -> TRUE .)
    MAS             reduce using rule 28 (expression -> TRUE .)
    MENOS           reduce using rule 28 (expression -> TRUE .)
    MULTIPLICACION  reduce using rule 28 (expression -> TRUE .)
    DIVISION        reduce using rule 28 (expression -> TRUE .)
    PTCOMA          reduce using rule 28 (expression -> TRUE .)


state 20

    (29) expression -> FALSE .

    PDER            reduce using rule 29 (expression -> FALSE .)
    OR              reduce using rule 29 (expression -> FALSE .)
    AND             reduce using rule 29 (expression -> FALSE .)
    MENOR           reduce using rule 29 (expression -> FALSE .)
    MAYOR           reduce using rule 29 (expression -> FALSE .)
    MAYORIGUAL      reduce using rule 29 (expression -> FALSE .)
    MENORIGUAL      reduce using rule 29 (expression -> FALSE .)
    DIFERENTE       reduce using rule 29 (expression -> FALSE .)
    IGUALIGUAL      reduce using rule 29 (expression -> FALSE .)
    MAS             reduce using rule 29 (expression -> FALSE .)
    MENOS           reduce using rule 29 (expression -> FALSE .)
    MULTIPLICACION  reduce using rule 29 (expression -> FALSE .)
    DIVISION        reduce using rule 29 (expression -> FALSE .)
    PTCOMA          reduce using rule 29 (expression -> FALSE .)


state 21

    (6) declaracion -> INT ID IGUAL . expression PTCOMA
    (9) expression -> . expression OR expression
    (10) expression -> . expression AND expression
    (11) expression -> . NOT expression
    (12) expression -> . expression MENOR expression
    (13) expression -> . expression MAYOR expression
    (14) expression -> . expression MAYORIGUAL expression
    (15) expression -> . expression MENORIGUAL expression
    (16) expression -> . expression DIFERENTE expression
    (17) expression -> . expression IGUALIGUAL expression
    (18) expression -> . MENOS expression
    (19) expression -> . expression MAS expression
    (20) expression -> . expression MENOS expression
    (21) expression -> . expression MULTIPLICACION expression
    (22) expression -> . expression DIVISION expression
    (23) expression -> . PIZQ expression PDER
    (24) expression -> . ENTERO
    (25) expression -> . DECIMAL
    (26) expression -> . ID
    (27) expression -> . CADENA
    (28) expression -> . TRUE
    (29) expression -> . FALSE

    NOT             shift and go to state 13
    MENOS           shift and go to state 14
    PIZQ            shift and go to state 11
    ENTERO          shift and go to state 15
    DECIMAL         shift and go to state 16
    ID              shift and go to state 17
    CADENA          shift and go to state 18
    TRUE            shift and go to state 19
    FALSE           shift and go to state 20

    expression                     shift and go to state 39

state 22

    (7) declaracion -> INT ID PTCOMA .

    PRINT           reduce using rule 7 (declaracion -> INT ID PTCOMA .)
    INT             reduce using rule 7 (declaracion -> INT ID PTCOMA .)
    $end            reduce using rule 7 (declaracion -> INT ID PTCOMA .)


state 23

    (23) expression -> PIZQ expression . PDER
    (9) expression -> expression . OR expression
    (10) expression -> expression . AND expression
    (12) expression -> expression . MENOR expression
    (13) expression -> expression . MAYOR expression
    (14) expression -> expression . MAYORIGUAL expression
    (15) expression -> expression . MENORIGUAL expression
    (16) expression -> expression . DIFERENTE expression
    (17) expression -> expression . IGUALIGUAL expression
    (19) expression -> expression . MAS expression
    (20) expression -> expression . MENOS expression
    (21) expression -> expression . MULTIPLICACION expression
    (22) expression -> expression . DIVISION expression

    PDER            shift and go to state 40
    OR              shift and go to state 25
    AND             shift and go to state 26
    MENOR           shift and go to state 27
    MAYOR           shift and go to state 28
    MAYORIGUAL      shift and go to state 29
    MENORIGUAL      shift and go to state 30
    DIFERENTE       shift and go to state 31
    IGUALIGUAL      shift and go to state 32
    MAS             shift and go to state 33
    MENOS           shift and go to state 34
    MULTIPLICACION  shift and go to state 35
    DIVISION        shift and go to state 36


state 24

    (8) print_instruccion -> PRINT PIZQ expression PDER .

    PRINT           reduce using rule 8 (print_instruccion -> PRINT PIZQ expression PDER .)
    INT             reduce using rule 8 (print_instruccion -> PRINT PIZQ expression PDER .)
    $end            reduce using rule 8 (print_instruccion -> PRINT PIZQ expression PDER .)


state 25

    (9) expression -> expression OR . expression
    (9) expression -> . expression OR expression
    (10) expression -> . expression AND expression
    (11) expression -> . NOT expression
    (12) expression -> . expression MENOR expression
    (13) expression -> . expression MAYOR expression
    (14) expression -> . expression MAYORIGUAL expression
    (15) expression -> . expression MENORIGUAL expression
    (16) expression -> . expression DIFERENTE expression
    (17) expression -> . expression IGUALIGUAL expression
    (18) expression -> . MENOS expression
    (19) expression -> . expression MAS expression
    (20) expression -> . expression MENOS expression
    (21) expression -> . expression MULTIPLICACION expression
    (22) expression -> . expression DIVISION expression
    (23) expression -> . PIZQ expression PDER
    (24) expression -> . ENTERO
    (25) expression -> . DECIMAL
    (26) expression -> . ID
    (27) expression -> . CADENA
    (28) expression -> . TRUE
    (29) expression -> . FALSE

    NOT             shift and go to state 13
    MENOS           shift and go to state 14
    PIZQ            shift and go to state 11
    ENTERO          shift and go to state 15
    DECIMAL         shift and go to state 16
    ID              shift and go to state 17
    CADENA          shift and go to state 18
    TRUE            shift and go to state 19
    FALSE           shift and go to state 20

    expression                     shift and go to state 41

state 26

    (10) expression -> expression AND . expression
    (9) expression -> . expression OR expression
    (10) expression -> . expression AND expression
    (11) expression -> . NOT expression
    (12) expression -> . expression MENOR expression
    (13) expression -> . expression MAYOR expression
    (14) expression -> . expression MAYORIGUAL expression
    (15) expression -> . expression MENORIGUAL expression
    (16) expression -> . expression DIFERENTE expression
    (17) expression -> . expression IGUALIGUAL expression
    (18) expression -> . MENOS expression
    (19) expression -> . expression MAS expression
    (20) expression -> . expression MENOS expression
    (21) expression -> . expression MULTIPLICACION expression
    (22) expression -> . expression DIVISION expression
    (23) expression -> . PIZQ expression PDER
    (24) expression -> . ENTERO
    (25) expression -> . DECIMAL
    (26) expression -> . ID
    (27) expression -> . CADENA
    (28) expression -> . TRUE
    (29) expression -> . FALSE

    NOT             shift and go to state 13
    MENOS           shift and go to state 14
    PIZQ            shift and go to state 11
    ENTERO          shift and go to state 15
    DECIMAL         shift and go to state 16
    ID              shift and go to state 17
    CADENA          shift and go to state 18
    TRUE            shift and go to state 19
    FALSE           shift and go to state 20

    expression                     shift and go to state 42

state 27

    (12) expression -> expression MENOR . expression
    (9) expression -> . expression OR expression
    (10) expression -> . expression AND expression
    (11) expression -> . NOT expression
    (12) expression -> . expression MENOR expression
    (13) expression -> . expression MAYOR expression
    (14) expression -> . expression MAYORIGUAL expression
    (15) expression -> . expression MENORIGUAL expression
    (16) expression -> . expression DIFERENTE expression
    (17) expression -> . expression IGUALIGUAL expression
    (18) expression -> . MENOS expression
    (19) expression -> . expression MAS expression
    (20) expression -> . expression MENOS expression
    (21) expression -> . expression MULTIPLICACION expression
    (22) expression -> . expression DIVISION expression
    (23) expression -> . PIZQ expression PDER
    (24) expression -> . ENTERO
    (25) expression -> . DECIMAL
    (26) expression -> . ID
    (27) expression -> . CADENA
    (28) expression -> . TRUE
    (29) expression -> . FALSE

    NOT             shift and go to state 13
    MENOS           shift and go to state 14
    PIZQ            shift and go to state 11
    ENTERO          shift and go to state 15
    DECIMAL         shift and go to state 16
    ID              shift and go to state 17
    CADENA          shift and go to state 18
    TRUE            shift and go to state 19
    FALSE           shift and go to state 20

    expression                     shift and go to state 43

state 28

    (13) expression -> expression MAYOR . expression
    (9) expression -> . expression OR expression
    (10) expression -> . expression AND expression
    (11) expression -> . NOT expression
    (12) expression -> . expression MENOR expression
    (13) expression -> . expression MAYOR expression
    (14) expression -> . expression MAYORIGUAL expression
    (15) expression -> . expression MENORIGUAL expression
    (16) expression -> . expression DIFERENTE expression
    (17) expression -> . expression IGUALIGUAL expression
    (18) expression -> . MENOS expression
    (19) expression -> . expression MAS expression
    (20) expression -> . expression MENOS expression
    (21) expression -> . expression MULTIPLICACION expression
    (22) expression -> . expression DIVISION expression
    (23) expression -> . PIZQ expression PDER
    (24) expression -> . ENTERO
    (25) expression -> . DECIMAL
    (26) expression -> . ID
    (27) expression -> . CADENA
    (28) expression -> . TRUE
    (29) expression -> . FALSE

    NOT             shift and go to state 13
    MENOS           shift and go to state 14
    PIZQ            shift and go to state 11
    ENTERO          shift and go to state 15
    DECIMAL         shift and go to state 16
    ID              shift and go to state 17
    CADENA          shift and go to state 18
    TRUE            shift and go to state 19
    FALSE           shift and go to state 20

    expression                     shift and go to state 44

state 29

    (14) expression -> expression MAYORIGUAL . expression
    (9) expression -> . expression OR expression
    (10) expression -> . expression AND expression
    (11) expression -> . NOT expression
    (12) expression -> . expression MENOR expression
    (13) expression -> . expression MAYOR expression
    (14) expression -> . expression MAYORIGUAL expression
    (15) expression -> . expression MENORIGUAL expression
    (16) expression -> . expression DIFERENTE expression
    (17) expression -> . expression IGUALIGUAL expression
    (18) expression -> . MENOS expression
    (19) expression -> . expression MAS expression
    (20) expression -> . expression MENOS expression
    (21) expression -> . expression MULTIPLICACION expression
    (22) expression -> . expression DIVISION expression
    (23) expression -> . PIZQ expression PDER
    (24) expression -> . ENTERO
    (25) expression -> . DECIMAL
    (26) expression -> . ID
    (27) expression -> . CADENA
    (28) expression -> . TRUE
    (29) expression -> . FALSE

    NOT             shift and go to state 13
    MENOS           shift and go to state 14
    PIZQ            shift and go to state 11
    ENTERO          shift and go to state 15
    DECIMAL         shift and go to state 16
    ID              shift and go to state 17
    CADENA          shift and go to state 18
    TRUE            shift and go to state 19
    FALSE           shift and go to state 20

    expression                     shift and go to state 45

state 30

    (15) expression -> expression MENORIGUAL . expression
    (9) expression -> . expression OR expression
    (10) expression -> . expression AND expression
    (11) expression -> . NOT expression
    (12) expression -> . expression MENOR expression
    (13) expression -> . expression MAYOR expression
    (14) expression -> . expression MAYORIGUAL expression
    (15) expression -> . expression MENORIGUAL expression
    (16) expression -> . expression DIFERENTE expression
    (17) expression -> . expression IGUALIGUAL expression
    (18) expression -> . MENOS expression
    (19) expression -> . expression MAS expression
    (20) expression -> . expression MENOS expression
    (21) expression -> . expression MULTIPLICACION expression
    (22) expression -> . expression DIVISION expression
    (23) expression -> . PIZQ expression PDER
    (24) expression -> . ENTERO
    (25) expression -> . DECIMAL
    (26) expression -> . ID
    (27) expression -> . CADENA
    (28) expression -> . TRUE
    (29) expression -> . FALSE

    NOT             shift and go to state 13
    MENOS           shift and go to state 14
    PIZQ            shift and go to state 11
    ENTERO          shift and go to state 15
    DECIMAL         shift and go to state 16
    ID              shift and go to state 17
    CADENA          shift and go to state 18
    TRUE            shift and go to state 19
    FALSE           shift and go to state 20

    expression                     shift and go to state 46

state 31

    (16) expression -> expression DIFERENTE . expression
    (9) expression -> . expression OR expression
    (10) expression -> . expression AND expression
    (11) expression -> . NOT expression
    (12) expression -> . expression MENOR expression
    (13) expression -> . expression MAYOR expression
    (14) expression -> . expression MAYORIGUAL expression
    (15) expression -> . expression MENORIGUAL expression
    (16) expression -> . expression DIFERENTE expression
    (17) expression -> . expression IGUALIGUAL expression
    (18) expression -> . MENOS expression
    (19) expression -> . expression MAS expression
    (20) expression -> . expression MENOS expression
    (21) expression -> . expression MULTIPLICACION expression
    (22) expression -> . expression DIVISION expression
    (23) expression -> . PIZQ expression PDER
    (24) expression -> . ENTERO
    (25) expression -> . DECIMAL
    (26) expression -> . ID
    (27) expression -> . CADENA
    (28) expression -> . TRUE
    (29) expression -> . FALSE

    NOT             shift and go to state 13
    MENOS           shift and go to state 14
    PIZQ            shift and go to state 11
    ENTERO          shift and go to state 15
    DECIMAL         shift and go to state 16
    ID              shift and go to state 17
    CADENA          shift and go to state 18
    TRUE            shift and go to state 19
    FALSE           shift and go to state 20

    expression                     shift and go to state 47

state 32

    (17) expression -> expression IGUALIGUAL . expression
    (9) expression -> . expression OR expression
    (10) expression -> . expression AND expression
    (11) expression -> . NOT expression
    (12) expression -> . expression MENOR expression
    (13) expression -> . expression MAYOR expression
    (14) expression -> . expression MAYORIGUAL expression
    (15) expression -> . expression MENORIGUAL expression
    (16) expression -> . expression DIFERENTE expression
    (17) expression -> . expression IGUALIGUAL expression
    (18) expression -> . MENOS expression
    (19) expression -> . expression MAS expression
    (20) expression -> . expression MENOS expression
    (21) expression -> . expression MULTIPLICACION expression
    (22) expression -> . expression DIVISION expression
    (23) expression -> . PIZQ expression PDER
    (24) expression -> . ENTERO
    (25) expression -> . DECIMAL
    (26) expression -> . ID
    (27) expression -> . CADENA
    (28) expression -> . TRUE
    (29) expression -> . FALSE

    NOT             shift and go to state 13
    MENOS           shift and go to state 14
    PIZQ            shift and go to state 11
    ENTERO          shift and go to state 15
    DECIMAL         shift and go to state 16
    ID              shift and go to state 17
    CADENA          shift and go to state 18
    TRUE            shift and go to state 19
    FALSE           shift and go to state 20

    expression                     shift and go to state 48

state 33

    (19) expression -> expression MAS . expression
    (9) expression -> . expression OR expression
    (10) expression -> . expression AND expression
    (11) expression -> . NOT expression
    (12) expression -> . expression MENOR expression
    (13) expression -> . expression MAYOR expression
    (14) expression -> . expression MAYORIGUAL expression
    (15) expression -> . expression MENORIGUAL expression
    (16) expression -> . expression DIFERENTE expression
    (17) expression -> . expression IGUALIGUAL expression
    (18) expression -> . MENOS expression
    (19) expression -> . expression MAS expression
    (20) expression -> . expression MENOS expression
    (21) expression -> . expression MULTIPLICACION expression
    (22) expression -> . expression DIVISION expression
    (23) expression -> . PIZQ expression PDER
    (24) expression -> . ENTERO
    (25) expression -> . DECIMAL
    (26) expression -> . ID
    (27) expression -> . CADENA
    (28) expression -> . TRUE
    (29) expression -> . FALSE

    NOT             shift and go to state 13
    MENOS           shift and go to state 14
    PIZQ            shift and go to state 11
    ENTERO          shift and go to state 15
    DECIMAL         shift and go to state 16
    ID              shift and go to state 17
    CADENA          shift and go to state 18
    TRUE            shift and go to state 19
    FALSE           shift and go to state 20

    expression                     shift and go to state 49

state 34

    (20) expression -> expression MENOS . expression
    (9) expression -> . expression OR expression
    (10) expression -> . expression AND expression
    (11) expression -> . NOT expression
    (12) expression -> . expression MENOR expression
    (13) expression -> . expression MAYOR expression
    (14) expression -> . expression MAYORIGUAL expression
    (15) expression -> . expression MENORIGUAL expression
    (16) expression -> . expression DIFERENTE expression
    (17) expression -> . expression IGUALIGUAL expression
    (18) expression -> . MENOS expression
    (19) expression -> . expression MAS expression
    (20) expression -> . expression MENOS expression
    (21) expression -> . expression MULTIPLICACION expression
    (22) expression -> . expression DIVISION expression
    (23) expression -> . PIZQ expression PDER
    (24) expression -> . ENTERO
    (25) expression -> . DECIMAL
    (26) expression -> . ID
    (27) expression -> . CADENA
    (28) expression -> . TRUE
    (29) expression -> . FALSE

    NOT             shift and go to state 13
    MENOS           shift and go to state 14
    PIZQ            shift and go to state 11
    ENTERO          shift and go to state 15
    DECIMAL         shift and go to state 16
    ID              shift and go to state 17
    CADENA          shift and go to state 18
    TRUE            shift and go to state 19
    FALSE           shift and go to state 20

    expression                     shift and go to state 50

state 35

    (21) expression -> expression MULTIPLICACION . expression
    (9) expression -> . expression OR expression
    (10) expression -> . expression AND expression
    (11) expression -> . NOT expression
    (12) expression -> . expression MENOR expression
    (13) expression -> . expression MAYOR expression
    (14) expression -> . expression MAYORIGUAL expression
    (15) expression -> . expression MENORIGUAL expression
    (16) expression -> . expression DIFERENTE expression
    (17) expression -> . expression IGUALIGUAL expression
    (18) expression -> . MENOS expression
    (19) expression -> . expression MAS expression
    (20) expression -> . expression MENOS expression
    (21) expression -> . expression MULTIPLICACION expression
    (22) expression -> . expression DIVISION expression
    (23) expression -> . PIZQ expression PDER
    (24) expression -> . ENTERO
    (25) expression -> . DECIMAL
    (26) expression -> . ID
    (27) expression -> . CADENA
    (28) expression -> . TRUE
    (29) expression -> . FALSE

    NOT             shift and go to state 13
    MENOS           shift and go to state 14
    PIZQ            shift and go to state 11
    ENTERO          shift and go to state 15
    DECIMAL         shift and go to state 16
    ID              shift and go to state 17
    CADENA          shift and go to state 18
    TRUE            shift and go to state 19
    FALSE           shift and go to state 20

    expression                     shift and go to state 51

state 36

    (22) expression -> expression DIVISION . expression
    (9) expression -> . expression OR expression
    (10) expression -> . expression AND expression
    (11) expression -> . NOT expression
    (12) expression -> . expression MENOR expression
    (13) expression -> . expression MAYOR expression
    (14) expression -> . expression MAYORIGUAL expression
    (15) expression -> . expression MENORIGUAL expression
    (16) expression -> . expression DIFERENTE expression
    (17) expression -> . expression IGUALIGUAL expression
    (18) expression -> . MENOS expression
    (19) expression -> . expression MAS expression
    (20) expression -> . expression MENOS expression
    (21) expression -> . expression MULTIPLICACION expression
    (22) expression -> . expression DIVISION expression
    (23) expression -> . PIZQ expression PDER
    (24) expression -> . ENTERO
    (25) expression -> . DECIMAL
    (26) expression -> . ID
    (27) expression -> . CADENA
    (28) expression -> . TRUE
    (29) expression -> . FALSE

    NOT             shift and go to state 13
    MENOS           shift and go to state 14
    PIZQ            shift and go to state 11
    ENTERO          shift and go to state 15
    DECIMAL         shift and go to state 16
    ID              shift and go to state 17
    CADENA          shift and go to state 18
    TRUE            shift and go to state 19
    FALSE           shift and go to state 20

    expression                     shift and go to state 52

state 37

    (11) expression -> NOT expression .
    (9) expression -> expression . OR expression
    (10) expression -> expression . AND expression
    (12) expression -> expression . MENOR expression
    (13) expression -> expression . MAYOR expression
    (14) expression -> expression . MAYORIGUAL expression
    (15) expression -> expression . MENORIGUAL expression
    (16) expression -> expression . DIFERENTE expression
    (17) expression -> expression . IGUALIGUAL expression
    (19) expression -> expression . MAS expression
    (20) expression -> expression . MENOS expression
    (21) expression -> expression . MULTIPLICACION expression
    (22) expression -> expression . DIVISION expression

    PDER            reduce using rule 11 (expression -> NOT expression .)
    OR              reduce using rule 11 (expression -> NOT expression .)
    AND             reduce using rule 11 (expression -> NOT expression .)
    MENOR           reduce using rule 11 (expression -> NOT expression .)
    MAYOR           reduce using rule 11 (expression -> NOT expression .)
    MAYORIGUAL      reduce using rule 11 (expression -> NOT expression .)
    MENORIGUAL      reduce using rule 11 (expression -> NOT expression .)
    DIFERENTE       reduce using rule 11 (expression -> NOT expression .)
    IGUALIGUAL      reduce using rule 11 (expression -> NOT expression .)
    MAS             reduce using rule 11 (expression -> NOT expression .)
    MENOS           reduce using rule 11 (expression -> NOT expression .)
    MULTIPLICACION  reduce using rule 11 (expression -> NOT expression .)
    DIVISION        reduce using rule 11 (expression -> NOT expression .)
    PTCOMA          reduce using rule 11 (expression -> NOT expression .)

  ! OR              [ shift and go to state 25 ]
  ! AND             [ shift and go to state 26 ]
  ! MENOR           [ shift and go to state 27 ]
  ! MAYOR           [ shift and go to state 28 ]
  ! MAYORIGUAL      [ shift and go to state 29 ]
  ! MENORIGUAL      [ shift and go to state 30 ]
  ! DIFERENTE       [ shift and go to state 31 ]
  ! IGUALIGUAL      [ shift and go to state 32 ]
  ! MAS             [ shift and go to state 33 ]
  ! MENOS           [ shift and go to state 34 ]
  ! MULTIPLICACION  [ shift and go to state 35 ]
  ! DIVISION        [ shift and go to state 36 ]


state 38

    (18) expression -> MENOS expression .
    (9) expression -> expression . OR expression
    (10) expression -> expression . AND expression
    (12) expression -> expression . MENOR expression
    (13) expression -> expression . MAYOR expression
    (14) expression -> expression . MAYORIGUAL expression
    (15) expression -> expression . MENORIGUAL expression
    (16) expression -> expression . DIFERENTE expression
    (17) expression -> expression . IGUALIGUAL expression
    (19) expression -> expression . MAS expression
    (20) expression -> expression . MENOS expression
    (21) expression -> expression . MULTIPLICACION expression
    (22) expression -> expression . DIVISION expression

    PDER            reduce using rule 18 (expression -> MENOS expression .)
    OR              reduce using rule 18 (expression -> MENOS expression .)
    AND             reduce using rule 18 (expression -> MENOS expression .)
    MENOR           reduce using rule 18 (expression -> MENOS expression .)
    MAYOR           reduce using rule 18 (expression -> MENOS expression .)
    MAYORIGUAL      reduce using rule 18 (expression -> MENOS expression .)
    MENORIGUAL      reduce using rule 18 (expression -> MENOS expression .)
    DIFERENTE       reduce using rule 18 (expression -> MENOS expression .)
    IGUALIGUAL      reduce using rule 18 (expression -> MENOS expression .)
    MAS             reduce using rule 18 (expression -> MENOS expression .)
    MENOS           reduce using rule 18 (expression -> MENOS expression .)
    MULTIPLICACION  reduce using rule 18 (expression -> MENOS expression .)
    DIVISION        reduce using rule 18 (expression -> MENOS expression .)
    PTCOMA          reduce using rule 18 (expression -> MENOS expression .)

  ! OR              [ shift and go to state 25 ]
  ! AND             [ shift and go to state 26 ]
  ! MENOR           [ shift and go to state 27 ]
  ! MAYOR           [ shift and go to state 28 ]
  ! MAYORIGUAL      [ shift and go to state 29 ]
  ! MENORIGUAL      [ shift and go to state 30 ]
  ! DIFERENTE       [ shift and go to state 31 ]
  ! IGUALIGUAL      [ shift and go to state 32 ]
  ! MAS             [ shift and go to state 33 ]
  ! MENOS           [ shift and go to state 34 ]
  ! MULTIPLICACION  [ shift and go to state 35 ]
  ! DIVISION        [ shift and go to state 36 ]


state 39

    (6) declaracion -> INT ID IGUAL expression . PTCOMA
    (9) expression -> expression . OR expression
    (10) expression -> expression . AND expression
    (12) expression -> expression . MENOR expression
    (13) expression -> expression . MAYOR expression
    (14) expression -> expression . MAYORIGUAL expression
    (15) expression -> expression . MENORIGUAL expression
    (16) expression -> expression . DIFERENTE expression
    (17) expression -> expression . IGUALIGUAL expression
    (19) expression -> expression . MAS expression
    (20) expression -> expression . MENOS expression
    (21) expression -> expression . MULTIPLICACION expression
    (22) expression -> expression . DIVISION expression

    PTCOMA          shift and go to state 53
    OR              shift and go to state 25
    AND             shift and go to state 26
    MENOR           shift and go to state 27
    MAYOR           shift and go to state 28
    MAYORIGUAL      shift and go to state 29
    MENORIGUAL      shift and go to state 30
    DIFERENTE       shift and go to state 31
    IGUALIGUAL      shift and go to state 32
    MAS             shift and go to state 33
    MENOS           shift and go to state 34
    MULTIPLICACION  shift and go to state 35
    DIVISION        shift and go to state 36


state 40

    (23) expression -> PIZQ expression PDER .

    PDER            reduce using rule 23 (expression -> PIZQ expression PDER .)
    OR              reduce using rule 23 (expression -> PIZQ expression PDER .)
    AND             reduce using rule 23 (expression -> PIZQ expression PDER .)
    MENOR           reduce using rule 23 (expression -> PIZQ expression PDER .)
    MAYOR           reduce using rule 23 (expression -> PIZQ expression PDER .)
    MAYORIGUAL      reduce using rule 23 (expression -> PIZQ expression PDER .)
    MENORIGUAL      reduce using rule 23 (expression -> PIZQ expression PDER .)
    DIFERENTE       reduce using rule 23 (expression -> PIZQ expression PDER .)
    IGUALIGUAL      reduce using rule 23 (expression -> PIZQ expression PDER .)
    MAS             reduce using rule 23 (expression -> PIZQ expression PDER .)
    MENOS           reduce using rule 23 (expression -> PIZQ expression PDER .)
    MULTIPLICACION  reduce using rule 23 (expression -> PIZQ expression PDER .)
    DIVISION        reduce using rule 23 (expression -> PIZQ expression PDER .)
    PTCOMA          reduce using rule 23 (expression -> PIZQ expression PDER .)


state 41

    (9) expression -> expression OR expression .
    (9) expression -> expression . OR expression
    (10) expression -> expression . AND expression
    (12) expression -> expression . MENOR expression
    (13) expression -> expression . MAYOR expression
    (14) expression -> expression . MAYORIGUAL expression
    (15) expression -> expression . MENORIGUAL expression
    (16) expression -> expression . DIFERENTE expression
    (17) expression -> expression . IGUALIGUAL expression
    (19) expression -> expression . MAS expression
    (20) expression -> expression . MENOS expression
    (21) expression -> expression . MULTIPLICACION expression
    (22) expression -> expression . DIVISION expression

    PDER            reduce using rule 9 (expression -> expression OR expression .)
    OR              reduce using rule 9 (expression -> expression OR expression .)
    PTCOMA          reduce using rule 9 (expression -> expression OR expression .)
    AND             shift and go to state 26
    MENOR           shift and go to state 27
    MAYOR           shift and go to state 28
    MAYORIGUAL      shift and go to state 29
    MENORIGUAL      shift and go to state 30
    DIFERENTE       shift and go to state 31
    IGUALIGUAL      shift and go to state 32
    MAS             shift and go to state 33
    MENOS           shift and go to state 34
    MULTIPLICACION  shift and go to state 35
    DIVISION        shift and go to state 36

  ! AND             [ reduce using rule 9 (expression -> expression OR expression .) ]
  ! MENOR           [ reduce using rule 9 (expression -> expression OR expression .) ]
  ! MAYOR           [ reduce using rule 9 (expression -> expression OR expression .) ]
  ! MAYORIGUAL      [ reduce using rule 9 (expression -> expression OR expression .) ]
  ! MENORIGUAL      [ reduce using rule 9 (expression -> expression OR expression .) ]
  ! DIFERENTE       [ reduce using rule 9 (expression -> expression OR expression .) ]
  ! IGUALIGUAL      [ reduce using rule 9 (expression -> expression OR expression .) ]
  ! MAS             [ reduce using rule 9 (expression -> expression OR expression .) ]
  ! MENOS           [ reduce using rule 9 (expression -> expression OR expression .) ]
  ! MULTIPLICACION  [ reduce using rule 9 (expression -> expression OR expression .) ]
  ! DIVISION        [ reduce using rule 9 (expression -> expression OR expression .) ]
  ! OR              [ shift and go to state 25 ]


state 42

    (10) expression -> expression AND expression .
    (9) expression -> expression . OR expression
    (10) expression -> expression . AND expression
    (12) expression -> expression . MENOR expression
    (13) expression -> expression . MAYOR expression
    (14) expression -> expression . MAYORIGUAL expression
    (15) expression -> expression . MENORIGUAL expression
    (16) expression -> expression . DIFERENTE expression
    (17) expression -> expression . IGUALIGUAL expression
    (19) expression -> expression . MAS expression
    (20) expression -> expression . MENOS expression
    (21) expression -> expression . MULTIPLICACION expression
    (22) expression -> expression . DIVISION expression

    PDER            reduce using rule 10 (expression -> expression AND expression .)
    OR              reduce using rule 10 (expression -> expression AND expression .)
    AND             reduce using rule 10 (expression -> expression AND expression .)
    PTCOMA          reduce using rule 10 (expression -> expression AND expression .)
    MENOR           shift and go to state 27
    MAYOR           shift and go to state 28
    MAYORIGUAL      shift and go to state 29
    MENORIGUAL      shift and go to state 30
    DIFERENTE       shift and go to state 31
    IGUALIGUAL      shift and go to state 32
    MAS             shift and go to state 33
    MENOS           shift and go to state 34
    MULTIPLICACION  shift and go to state 35
    DIVISION        shift and go to state 36

  ! MENOR           [ reduce using rule 10 (expression -> expression AND expression .) ]
  ! MAYOR           [ reduce using rule 10 (expression -> expression AND expression .) ]
  ! MAYORIGUAL      [ reduce using rule 10 (expression -> expression AND expression .) ]
  ! MENORIGUAL      [ reduce using rule 10 (expression -> expression AND expression .) ]
  ! DIFERENTE       [ reduce using rule 10 (expression -> expression AND expression .) ]
  ! IGUALIGUAL      [ reduce using rule 10 (expression -> expression AND expression .) ]
  ! MAS             [ reduce using rule 10 (expression -> expression AND expression .) ]
  ! MENOS           [ reduce using rule 10 (expression -> expression AND expression .) ]
  ! MULTIPLICACION  [ reduce using rule 10 (expression -> expression AND expression .) ]
  ! DIVISION        [ reduce using rule 10 (expression -> expression AND expression .) ]
  ! OR              [ shift and go to state 25 ]
  ! AND             [ shift and go to state 26 ]


state 43

    (12) expression -> expression MENOR expression .
    (9) expression -> expression . OR expression
    (10) expression -> expression . AND expression
    (12) expression -> expression . MENOR expression
    (13) expression -> expression . MAYOR expression
    (14) expression -> expression . MAYORIGUAL expression
    (15) expression -> expression . MENORIGUAL expression
    (16) expression -> expression . DIFERENTE expression
    (17) expression -> expression . IGUALIGUAL expression
    (19) expression -> expression . MAS expression
    (20) expression -> expression . MENOS expression
    (21) expression -> expression . MULTIPLICACION expression
    (22) expression -> expression . DIVISION expression

    PDER            reduce using rule 12 (expression -> expression MENOR expression .)
    OR              reduce using rule 12 (expression -> expression MENOR expression .)
    AND             reduce using rule 12 (expression -> expression MENOR expression .)
    MENOR           reduce using rule 12 (expression -> expression MENOR expression .)
    MAYOR           reduce using rule 12 (expression -> expression MENOR expression .)
    MAYORIGUAL      reduce using rule 12 (expression -> expression MENOR expression .)
    MENORIGUAL      reduce using rule 12 (expression -> expression MENOR expression .)
    DIFERENTE       reduce using rule 12 (expression -> expression MENOR expression .)
    IGUALIGUAL      reduce using rule 12 (expression -> expression MENOR expression .)
    PTCOMA          reduce using rule 12 (expression -> expression MENOR expression .)
    MAS             shift and go to state 33
    MENOS           shift and go to state 34
    MULTIPLICACION  shift and go to state 35
    DIVISION        shift and go to state 36

  ! MAS             [ reduce using rule 12 (expression -> expression MENOR expression .) ]
  ! MENOS           [ reduce using rule 12 (expression -> expression MENOR expression .) ]
  ! MULTIPLICACION  [ reduce using rule 12 (expression -> expression MENOR expression .) ]
  ! DIVISION        [ reduce using rule 12 (expression -> expression MENOR expression .) ]
  ! OR              [ shift and go to state 25 ]
  ! AND             [ shift and go to state 26 ]
  ! MENOR           [ shift and go to state 27 ]
  ! MAYOR           [ shift and go to state 28 ]
  ! MAYORIGUAL      [ shift and go to state 29 ]
  ! MENORIGUAL      [ shift and go to state 30 ]
  ! DIFERENTE       [ shift and go to state 31 ]
  ! IGUALIGUAL      [ shift and go to state 32 ]


state 44

    (13) expression -> expression MAYOR expression .
    (9) expression -> expression . OR expression
    (10) expression -> expression . AND expression
    (12) expression -> expression . MENOR expression
    (13) expression -> expression . MAYOR expression
    (14) expression -> expression . MAYORIGUAL expression
    (15) expression -> expression . MENORIGUAL expression
    (16) expression -> expression . DIFERENTE expression
    (17) expression -> expression . IGUALIGUAL expression
    (19) expression -> expression . MAS expression
    (20) expression -> expression . MENOS expression
    (21) expression -> expression . MULTIPLICACION expression
    (22) expression -> expression . DIVISION expression

    PDER            reduce using rule 13 (expression -> expression MAYOR expression .)
    OR              reduce using rule 13 (expression -> expression MAYOR expression .)
    AND             reduce using rule 13 (expression -> expression MAYOR expression .)
    MENOR           reduce using rule 13 (expression -> expression MAYOR expression .)
    MAYOR           reduce using rule 13 (expression -> expression MAYOR expression .)
    MAYORIGUAL      reduce using rule 13 (expression -> expression MAYOR expression .)
    MENORIGUAL      reduce using rule 13 (expression -> expression MAYOR expression .)
    DIFERENTE       reduce using rule 13 (expression -> expression MAYOR expression .)
    IGUALIGUAL      reduce using rule 13 (expression -> expression MAYOR expression .)
    PTCOMA          reduce using rule 13 (expression -> expression MAYOR expression .)
    MAS             shift and go to state 33
    MENOS           shift and go to state 34
    MULTIPLICACION  shift and go to state 35
    DIVISION        shift and go to state 36

  ! MAS             [ reduce using rule 13 (expression -> expression MAYOR expression .) ]
  ! MENOS           [ reduce using rule 13 (expression -> expression MAYOR expression .) ]
  ! MULTIPLICACION  [ reduce using rule 13 (expression -> expression MAYOR expression .) ]
  ! DIVISION        [ reduce using rule 13 (expression -> expression MAYOR expression .) ]
  ! OR              [ shift and go to state 25 ]
  ! AND             [ shift and go to state 26 ]
  ! MENOR           [ shift and go to state 27 ]
  ! MAYOR           [ shift and go to state 28 ]
  ! MAYORIGUAL      [ shift and go to state 29 ]
  ! MENORIGUAL      [ shift and go to state 30 ]
  ! DIFERENTE       [ shift and go to state 31 ]
  ! IGUALIGUAL      [ shift and go to state 32 ]


state 45

    (14) expression -> expression MAYORIGUAL expression .
    (9) expression -> expression . OR expression
    (10) expression -> expression . AND expression
    (12) expression -> expression . MENOR expression
    (13) expression -> expression . MAYOR expression
    (14) expression -> expression . MAYORIGUAL expression
    (15) expression -> expression . MENORIGUAL expression
    (16) expression -> expression . DIFERENTE expression
    (17) expression -> expression . IGUALIGUAL expression
    (19) expression -> expression . MAS expression
    (20) expression -> expression . MENOS expression
    (21) expression -> expression . MULTIPLICACION expression
    (22) expression -> expression . DIVISION expression

    PDER            reduce using rule 14 (expression -> expression MAYORIGUAL expression .)
    OR              reduce using rule 14 (expression -> expression MAYORIGUAL expression .)
    AND             reduce using rule 14 (expression -> expression MAYORIGUAL expression .)
    MENOR           reduce using rule 14 (expression -> expression MAYORIGUAL expression .)
    MAYOR           reduce using rule 14 (expression -> expression MAYORIGUAL expression .)
    MAYORIGUAL      reduce using rule 14 (expression -> expression MAYORIGUAL expression .)
    MENORIGUAL      reduce using rule 14 (expression -> expression MAYORIGUAL expression .)
    DIFERENTE       reduce using rule 14 (expression -> expression MAYORIGUAL expression .)
    IGUALIGUAL      reduce using rule 14 (expression -> expression MAYORIGUAL expression .)
    PTCOMA          reduce using rule 14 (expression -> expression MAYORIGUAL expression .)
    MAS             shift and go to state 33
    MENOS           shift and go to state 34
    MULTIPLICACION  shift and go to state 35
    DIVISION        shift and go to state 36

  ! MAS             [ reduce using rule 14 (expression -> expression MAYORIGUAL expression .) ]
  ! MENOS           [ reduce using rule 14 (expression -> expression MAYORIGUAL expression .) ]
  ! MULTIPLICACION  [ reduce using rule 14 (expression -> expression MAYORIGUAL expression .) ]
  ! DIVISION        [ reduce using rule 14 (expression -> expression MAYORIGUAL expression .) ]
  ! OR              [ shift and go to state 25 ]
  ! AND             [ shift and go to state 26 ]
  ! MENOR           [ shift and go to state 27 ]
  ! MAYOR           [ shift and go to state 28 ]
  ! MAYORIGUAL      [ shift and go to state 29 ]
  ! MENORIGUAL      [ shift and go to state 30 ]
  ! DIFERENTE       [ shift and go to state 31 ]
  ! IGUALIGUAL      [ shift and go to state 32 ]


state 46

    (15) expression -> expression MENORIGUAL expression .
    (9) expression -> expression . OR expression
    (10) expression -> expression . AND expression
    (12) expression -> expression . MENOR expression
    (13) expression -> expression . MAYOR expression
    (14) expression -> expression . MAYORIGUAL expression
    (15) expression -> expression . MENORIGUAL expression
    (16) expression -> expression . DIFERENTE expression
    (17) expression -> expression . IGUALIGUAL expression
    (19) expression -> expression . MAS expression
    (20) expression -> expression . MENOS expression
    (21) expression -> expression . MULTIPLICACION expression
    (22) expression -> expression . DIVISION expression

    PDER            reduce using rule 15 (expression -> expression MENORIGUAL expression .)
    OR              reduce using rule 15 (expression -> expression MENORIGUAL expression .)
    AND             reduce using rule 15 (expression -> expression MENORIGUAL expression .)
    MENOR           reduce using rule 15 (expression -> expression MENORIGUAL expression .)
    MAYOR           reduce using rule 15 (expression -> expression MENORIGUAL expression .)
    MAYORIGUAL      reduce using rule 15 (expression -> expression MENORIGUAL expression .)
    MENORIGUAL      reduce using rule 15 (expression -> expression MENORIGUAL expression .)
    DIFERENTE       reduce using rule 15 (expression -> expression MENORIGUAL expression .)
    IGUALIGUAL      reduce using rule 15 (expression -> expression MENORIGUAL expression .)
    PTCOMA          reduce using rule 15 (expression -> expression MENORIGUAL expression .)
    MAS             shift and go to state 33
    MENOS           shift and go to state 34
    MULTIPLICACION  shift and go to state 35
    DIVISION        shift and go to state 36

  ! MAS             [ reduce using rule 15 (expression -> expression MENORIGUAL expression .) ]
  ! MENOS           [ reduce using rule 15 (expression -> expression MENORIGUAL expression .) ]
  ! MULTIPLICACION  [ reduce using rule 15 (expression -> expression MENORIGUAL expression .) ]
  ! DIVISION        [ reduce using rule 15 (expression -> expression MENORIGUAL expression .) ]
  ! OR              [ shift and go to state 25 ]
  ! AND             [ shift and go to state 26 ]
  ! MENOR           [ shift and go to state 27 ]
  ! MAYOR           [ shift and go to state 28 ]
  ! MAYORIGUAL      [ shift and go to state 29 ]
  ! MENORIGUAL      [ shift and go to state 30 ]
  ! DIFERENTE       [ shift and go to state 31 ]
  ! IGUALIGUAL      [ shift and go to state 32 ]


state 47

    (16) expression -> expression DIFERENTE expression .
    (9) expression -> expression . OR expression
    (10) expression -> expression . AND expression
    (12) expression -> expression . MENOR expression
    (13) expression -> expression . MAYOR expression
    (14) expression -> expression . MAYORIGUAL expression
    (15) expression -> expression . MENORIGUAL expression
    (16) expression -> expression . DIFERENTE expression
    (17) expression -> expression . IGUALIGUAL expression
    (19) expression -> expression . MAS expression
    (20) expression -> expression . MENOS expression
    (21) expression -> expression . MULTIPLICACION expression
    (22) expression -> expression . DIVISION expression

    PDER            reduce using rule 16 (expression -> expression DIFERENTE expression .)
    OR              reduce using rule 16 (expression -> expression DIFERENTE expression .)
    AND             reduce using rule 16 (expression -> expression DIFERENTE expression .)
    MENOR           reduce using rule 16 (expression -> expression DIFERENTE expression .)
    MAYOR           reduce using rule 16 (expression -> expression DIFERENTE expression .)
    MAYORIGUAL      reduce using rule 16 (expression -> expression DIFERENTE expression .)
    MENORIGUAL      reduce using rule 16 (expression -> expression DIFERENTE expression .)
    DIFERENTE       reduce using rule 16 (expression -> expression DIFERENTE expression .)
    IGUALIGUAL      reduce using rule 16 (expression -> expression DIFERENTE expression .)
    PTCOMA          reduce using rule 16 (expression -> expression DIFERENTE expression .)
    MAS             shift and go to state 33
    MENOS           shift and go to state 34
    MULTIPLICACION  shift and go to state 35
    DIVISION        shift and go to state 36

  ! MAS             [ reduce using rule 16 (expression -> expression DIFERENTE expression .) ]
  ! MENOS           [ reduce using rule 16 (expression -> expression DIFERENTE expression .) ]
  ! MULTIPLICACION  [ reduce using rule 16 (expression -> expression DIFERENTE expression .) ]
  ! DIVISION        [ reduce using rule 16 (expression -> expression DIFERENTE expression .) ]
  ! OR              [ shift and go to state 25 ]
  ! AND             [ shift and go to state 26 ]
  ! MENOR           [ shift and go to state 27 ]
  ! MAYOR           [ shift and go to state 28 ]
  ! MAYORIGUAL      [ shift and go to state 29 ]
  ! MENORIGUAL      [ shift and go to state 30 ]
  ! DIFERENTE       [ shift and go to state 31 ]
  ! IGUALIGUAL      [ shift and go to state 32 ]


state 48

    (17) expression -> expression IGUALIGUAL expression .
    (9) expression -> expression . OR expression
    (10) expression -> expression . AND expression
    (12) expression -> expression . MENOR expression
    (13) expression -> expression . MAYOR expression
    (14) expression -> expression . MAYORIGUAL expression
    (15) expression -> expression . MENORIGUAL expression
    (16) expression -> expression . DIFERENTE expression
    (17) expression -> expression . IGUALIGUAL expression
    (19) expression -> expression . MAS expression
    (20) expression -> expression . MENOS expression
    (21) expression -> expression . MULTIPLICACION expression
    (22) expression -> expression . DIVISION expression

    PDER            reduce using rule 17 (expression -> expression IGUALIGUAL expression .)
    OR              reduce using rule 17 (expression -> expression IGUALIGUAL expression .)
    AND             reduce using rule 17 (expression -> expression IGUALIGUAL expression .)
    MENOR           reduce using rule 17 (expression -> expression IGUALIGUAL expression .)
    MAYOR           reduce using rule 17 (expression -> expression IGUALIGUAL expression .)
    MAYORIGUAL      reduce using rule 17 (expression -> expression IGUALIGUAL expression .)
    MENORIGUAL      reduce using rule 17 (expression -> expression IGUALIGUAL expression .)
    DIFERENTE       reduce using rule 17 (expression -> expression IGUALIGUAL expression .)
    IGUALIGUAL      reduce using rule 17 (expression -> expression IGUALIGUAL expression .)
    PTCOMA          reduce using rule 17 (expression -> expression IGUALIGUAL expression .)
    MAS             shift and go to state 33
    MENOS           shift and go to state 34
    MULTIPLICACION  shift and go to state 35
    DIVISION        shift and go to state 36

  ! MAS             [ reduce using rule 17 (expression -> expression IGUALIGUAL expression .) ]
  ! MENOS           [ reduce using rule 17 (expression -> expression IGUALIGUAL expression .) ]
  ! MULTIPLICACION  [ reduce using rule 17 (expression -> expression IGUALIGUAL expression .) ]
  ! DIVISION        [ reduce using rule 17 (expression -> expression IGUALIGUAL expression .) ]
  ! OR              [ shift and go to state 25 ]
  ! AND             [ shift and go to state 26 ]
  ! MENOR           [ shift and go to state 27 ]
  ! MAYOR           [ shift and go to state 28 ]
  ! MAYORIGUAL      [ shift and go to state 29 ]
  ! MENORIGUAL      [ shift and go to state 30 ]
  ! DIFERENTE       [ shift and go to state 31 ]
  ! IGUALIGUAL      [ shift and go to state 32 ]


state 49

    (19) expression -> expression MAS expression .
    (9) expression -> expression . OR expression
    (10) expression -> expression . AND expression
    (12) expression -> expression . MENOR expression
    (13) expression -> expression . MAYOR expression
    (14) expression -> expression . MAYORIGUAL expression
    (15) expression -> expression . MENORIGUAL expression
    (16) expression -> expression . DIFERENTE expression
    (17) expression -> expression . IGUALIGUAL expression
    (19) expression -> expression . MAS expression
    (20) expression -> expression . MENOS expression
    (21) expression -> expression . MULTIPLICACION expression
    (22) expression -> expression . DIVISION expression

    PDER            reduce using rule 19 (expression -> expression MAS expression .)
    OR              reduce using rule 19 (expression -> expression MAS expression .)
    AND             reduce using rule 19 (expression -> expression MAS expression .)
    MENOR           reduce using rule 19 (expression -> expression MAS expression .)
    MAYOR           reduce using rule 19 (expression -> expression MAS expression .)
    MAYORIGUAL      reduce using rule 19 (expression -> expression MAS expression .)
    MENORIGUAL      reduce using rule 19 (expression -> expression MAS expression .)
    DIFERENTE       reduce using rule 19 (expression -> expression MAS expression .)
    IGUALIGUAL      reduce using rule 19 (expression -> expression MAS expression .)
    MAS             reduce using rule 19 (expression -> expression MAS expression .)
    MENOS           reduce using rule 19 (expression -> expression MAS expression .)
    PTCOMA          reduce using rule 19 (expression -> expression MAS expression .)
    MULTIPLICACION  shift and go to state 35
    DIVISION        shift and go to state 36

  ! MULTIPLICACION  [ reduce using rule 19 (expression -> expression MAS expression .) ]
  ! DIVISION        [ reduce using rule 19 (expression -> expression MAS expression .) ]
  ! OR              [ shift and go to state 25 ]
  ! AND             [ shift and go to state 26 ]
  ! MENOR           [ shift and go to state 27 ]
  ! MAYOR           [ shift and go to state 28 ]
  ! MAYORIGUAL      [ shift and go to state 29 ]
  ! MENORIGUAL      [ shift and go to state 30 ]
  ! DIFERENTE       [ shift and go to state 31 ]
  ! IGUALIGUAL      [ shift and go to state 32 ]
  ! MAS             [ shift and go to state 33 ]
  ! MENOS           [ shift and go to state 34 ]


state 50

    (20) expression -> expression MENOS expression .
    (9) expression -> expression . OR expression
    (10) expression -> expression . AND expression
    (12) expression -> expression . MENOR expression
    (13) expression -> expression . MAYOR expression
    (14) expression -> expression . MAYORIGUAL expression
    (15) expression -> expression . MENORIGUAL expression
    (16) expression -> expression . DIFERENTE expression
    (17) expression -> expression . IGUALIGUAL expression
    (19) expression -> expression . MAS expression
    (20) expression -> expression . MENOS expression
    (21) expression -> expression . MULTIPLICACION expression
    (22) expression -> expression . DIVISION expression

    PDER            reduce using rule 20 (expression -> expression MENOS expression .)
    OR              reduce using rule 20 (expression -> expression MENOS expression .)
    AND             reduce using rule 20 (expression -> expression MENOS expression .)
    MENOR           reduce using rule 20 (expression -> expression MENOS expression .)
    MAYOR           reduce using rule 20 (expression -> expression MENOS expression .)
    MAYORIGUAL      reduce using rule 20 (expression -> expression MENOS expression .)
    MENORIGUAL      reduce using rule 20 (expression -> expression MENOS expression .)
    DIFERENTE       reduce using rule 20 (expression -> expression MENOS expression .)
    IGUALIGUAL      reduce using rule 20 (expression -> expression MENOS expression .)
    MAS             reduce using rule 20 (expression -> expression MENOS expression .)
    MENOS           reduce using rule 20 (expression -> expression MENOS expression .)
    PTCOMA          reduce using rule 20 (expression -> expression MENOS expression .)
    MULTIPLICACION  shift and go to state 35
    DIVISION        shift and go to state 36

  ! MULTIPLICACION  [ reduce using rule 20 (expression -> expression MENOS expression .) ]
  ! DIVISION        [ reduce using rule 20 (expression -> expression MENOS expression .) ]
  ! OR              [ shift and go to state 25 ]
  ! AND             [ shift and go to state 26 ]
  ! MENOR           [ shift and go to state 27 ]
  ! MAYOR           [ shift and go to state 28 ]
  ! MAYORIGUAL      [ shift and go to state 29 ]
  ! MENORIGUAL      [ shift and go to state 30 ]
  ! DIFERENTE       [ shift and go to state 31 ]
  ! IGUALIGUAL      [ shift and go to state 32 ]
  ! MAS             [ shift and go to state 33 ]
  ! MENOS           [ shift and go to state 34 ]


state 51

    (21) expression -> expression MULTIPLICACION expression .
    (9) expression -> expression . OR expression
    (10) expression -> expression . AND expression
    (12) expression -> expression . MENOR expression
    (13) expression -> expression . MAYOR expression
    (14) expression -> expression . MAYORIGUAL expression
    (15) expression -> expression . MENORIGUAL expression
    (16) expression -> expression . DIFERENTE expression
    (17) expression -> expression . IGUALIGUAL expression
    (19) expression -> expression . MAS expression
    (20) expression -> expression . MENOS expression
    (21) expression -> expression . MULTIPLICACION expression
    (22) expression -> expression . DIVISION expression

    PDER            reduce using rule 21 (expression -> expression MULTIPLICACION expression .)
    OR              reduce using rule 21 (expression -> expression MULTIPLICACION expression .)
    AND             reduce using rule 21 (expression -> expression MULTIPLICACION expression .)
    MENOR           reduce using rule 21 (expression -> expression MULTIPLICACION expression .)
    MAYOR           reduce using rule 21 (expression -> expression MULTIPLICACION expression .)
    MAYORIGUAL      reduce using rule 21 (expression -> expression MULTIPLICACION expression .)
    MENORIGUAL      reduce using rule 21 (expression -> expression MULTIPLICACION expression .)
    DIFERENTE       reduce using rule 21 (expression -> expression MULTIPLICACION expression .)
    IGUALIGUAL      reduce using rule 21 (expression -> expression MULTIPLICACION expression .)
    MAS             reduce using rule 21 (expression -> expression MULTIPLICACION expression .)
    MENOS           reduce using rule 21 (expression -> expression MULTIPLICACION expression .)
    MULTIPLICACION  reduce using rule 21 (expression -> expression MULTIPLICACION expression .)
    DIVISION        reduce using rule 21 (expression -> expression MULTIPLICACION expression .)
    PTCOMA          reduce using rule 21 (expression -> expression MULTIPLICACION expression .)

  ! OR              [ shift and go to state 25 ]
  ! AND             [ shift and go to state 26 ]
  ! MENOR           [ shift and go to state 27 ]
  ! MAYOR           [ shift and go to state 28 ]
  ! MAYORIGUAL      [ shift and go to state 29 ]
  ! MENORIGUAL      [ shift and go to state 30 ]
  ! DIFERENTE       [ shift and go to state 31 ]
  ! IGUALIGUAL      [ shift and go to state 32 ]
  ! MAS             [ shift and go to state 33 ]
  ! MENOS           [ shift and go to state 34 ]
  ! MULTIPLICACION  [ shift and go to state 35 ]
  ! DIVISION        [ shift and go to state 36 ]


state 52

    (22) expression -> expression DIVISION expression .
    (9) expression -> expression . OR expression
    (10) expression -> expression . AND expression
    (12) expression -> expression . MENOR expression
    (13) expression -> expression . MAYOR expression
    (14) expression -> expression . MAYORIGUAL expression
    (15) expression -> expression . MENORIGUAL expression
    (16) expression -> expression . DIFERENTE expression
    (17) expression -> expression . IGUALIGUAL expression
    (19) expression -> expression . MAS expression
    (20) expression -> expression . MENOS expression
    (21) expression -> expression . MULTIPLICACION expression
    (22) expression -> expression . DIVISION expression

    PDER            reduce using rule 22 (expression -> expression DIVISION expression .)
    OR              reduce using rule 22 (expression -> expression DIVISION expression .)
    AND             reduce using rule 22 (expression -> expression DIVISION expression .)
    MENOR           reduce using rule 22 (expression -> expression DIVISION expression .)
    MAYOR           reduce using rule 22 (expression -> expression DIVISION expression .)
    MAYORIGUAL      reduce using rule 22 (expression -> expression DIVISION expression .)
    MENORIGUAL      reduce using rule 22 (expression -> expression DIVISION expression .)
    DIFERENTE       reduce using rule 22 (expression -> expression DIVISION expression .)
    IGUALIGUAL      reduce using rule 22 (expression -> expression DIVISION expression .)
    MAS             reduce using rule 22 (expression -> expression DIVISION expression .)
    MENOS           reduce using rule 22 (expression -> expression DIVISION expression .)
    MULTIPLICACION  reduce using rule 22 (expression -> expression DIVISION expression .)
    DIVISION        reduce using rule 22 (expression -> expression DIVISION expression .)
    PTCOMA          reduce using rule 22 (expression -> expression DIVISION expression .)

  ! OR              [ shift and go to state 25 ]
  ! AND             [ shift and go to state 26 ]
  ! MENOR           [ shift and go to state 27 ]
  ! MAYOR           [ shift and go to state 28 ]
  ! MAYORIGUAL      [ shift and go to state 29 ]
  ! MENORIGUAL      [ shift and go to state 30 ]
  ! DIFERENTE       [ shift and go to state 31 ]
  ! IGUALIGUAL      [ shift and go to state 32 ]
  ! MAS             [ shift and go to state 33 ]
  ! MENOS           [ shift and go to state 34 ]
  ! MULTIPLICACION  [ shift and go to state 35 ]
  ! DIVISION        [ shift and go to state 36 ]


state 53

    (6) declaracion -> INT ID IGUAL expression PTCOMA .

    PRINT           reduce using rule 6 (declaracion -> INT ID IGUAL expression PTCOMA .)
    INT             reduce using rule 6 (declaracion -> INT ID IGUAL expression PTCOMA .)
    $end            reduce using rule 6 (declaracion -> INT ID IGUAL expression PTCOMA .)

